<?xml version="1.0" encoding="UTF-8"?>
<testsuite name="br.cim.dio.junit.PessoaTest" tests="1" skipped="0" failures="0" errors="0" timestamp="2022-03-27T22:24:34" hostname="RAMON_PESSOA" time="0.278">
  <properties/>
  <testcase name="validarCalculDeIdade()" classname="br.cim.dio.junit.PessoaTest" time="0.278"/>
  <system-out><![CDATA[]]></system-out>
  <system-err><![CDATA[]]></system-err>
</testsuite>
